[debug] [2026-01-31T20:50:16.849Z] ----------------------------------------------------------------------
[debug] [2026-01-31T20:50:16.850Z] Command:       /usr/bin/node /home/anderson/Documents/projeto/Site-Kuar-Tor/RPG/node_modules/.bin/firebase deploy --only firestore
[debug] [2026-01-31T20:50:16.850Z] CLI Version:   14.11.2
[debug] [2026-01-31T20:50:16.850Z] Platform:      linux
[debug] [2026-01-31T20:50:16.850Z] Node Version:  v20.20.0
[debug] [2026-01-31T20:50:16.850Z] Time:          Sat Jan 31 2026 17:50:16 GMT-0300 (Brasilia Standard Time)
[debug] [2026-01-31T20:50:16.850Z] ----------------------------------------------------------------------
[debug] 
[debug] [2026-01-31T20:50:16.967Z] > command requires scopes: ["email","openid","https://www.googleapis.com/auth/cloudplatformprojects.readonly","https://www.googleapis.com/auth/firebase","https://www.googleapis.com/auth/cloud-platform"]
[debug] [2026-01-31T20:50:16.967Z] > authorizing via signed-in user (andersonaraujodeo1999@gmail.com)
[debug] [2026-01-31T20:50:16.967Z] [iam] checking project rpg---mesa for permissions ["datastore.indexes.create","datastore.indexes.delete","datastore.indexes.list","datastore.indexes.update","firebase.projects.get"]
[debug] [2026-01-31T20:50:16.967Z] Checked if tokens are valid: true, expires at: 1769895830513
[debug] [2026-01-31T20:50:16.968Z] Checked if tokens are valid: true, expires at: 1769895830513
[debug] [2026-01-31T20:50:16.968Z] >>> [apiv2][query] POST https://cloudresourcemanager.googleapis.com/v1/projects/rpg---mesa:testIamPermissions [none]
[debug] [2026-01-31T20:50:16.968Z] >>> [apiv2][(partial)header] POST https://cloudresourcemanager.googleapis.com/v1/projects/rpg---mesa:testIamPermissions x-goog-quota-user=projects/rpg---mesa
[debug] [2026-01-31T20:50:16.968Z] >>> [apiv2][body] POST https://cloudresourcemanager.googleapis.com/v1/projects/rpg---mesa:testIamPermissions {"permissions":["datastore.indexes.create","datastore.indexes.delete","datastore.indexes.list","datastore.indexes.update","firebase.projects.get"]}
[debug] [2026-01-31T20:50:17.902Z] <<< [apiv2][status] POST https://cloudresourcemanager.googleapis.com/v1/projects/rpg---mesa:testIamPermissions 200
[debug] [2026-01-31T20:50:17.902Z] <<< [apiv2][body] POST https://cloudresourcemanager.googleapis.com/v1/projects/rpg---mesa:testIamPermissions {"permissions":["datastore.indexes.create","datastore.indexes.delete","datastore.indexes.list","datastore.indexes.update","firebase.projects.get"]}
[info] 
[info] === Deploying to 'rpg---mesa'...
[info] 
[info] i  deploying firestore 
[info] i  firestore: reading indexes from firestore.indexes.json... 
[info] i  cloud.firestore: checking firestore.rules for compilation errors... 
[debug] [2026-01-31T20:50:17.907Z] Checked if tokens are valid: true, expires at: 1769895830513
[debug] [2026-01-31T20:50:17.907Z] Checked if tokens are valid: true, expires at: 1769895830513
[debug] [2026-01-31T20:50:17.907Z] >>> [apiv2][query] POST https://firebaserules.googleapis.com/v1/projects/rpg---mesa:test [none]
[debug] [2026-01-31T20:50:17.907Z] >>> [apiv2][body] POST https://firebaserules.googleapis.com/v1/projects/rpg---mesa:test [omitted]
[debug] [2026-01-31T20:50:19.190Z] <<< [apiv2][status] POST https://firebaserules.googleapis.com/v1/projects/rpg---mesa:test 200
[debug] [2026-01-31T20:50:19.190Z] <<< [apiv2][body] POST https://firebaserules.googleapis.com/v1/projects/rpg---mesa:test {}
[info] ✔  cloud.firestore: rules file firestore.rules compiled successfully 
[debug] [2026-01-31T20:50:19.191Z] Checked if tokens are valid: true, expires at: 1769895830513
[debug] [2026-01-31T20:50:19.191Z] Checked if tokens are valid: true, expires at: 1769895830513
[debug] [2026-01-31T20:50:19.192Z] >>> [apiv2][query] GET https://firestore.googleapis.com/v1/projects/rpg---mesa/databases/(default) [none]
[debug] [2026-01-31T20:50:20.246Z] <<< [apiv2][status] GET https://firestore.googleapis.com/v1/projects/rpg---mesa/databases/(default) 200
[debug] [2026-01-31T20:50:20.246Z] <<< [apiv2][body] GET https://firestore.googleapis.com/v1/projects/rpg---mesa/databases/(default) {"name":"projects/rpg---mesa/databases/(default)","uid":"25f29e35-9f4d-4f4f-8815-b0087c07264c","createTime":"2026-01-31T20:06:32.073639Z","updateTime":"2026-01-31T20:06:32.073639Z","locationId":"nam5","type":"FIRESTORE_NATIVE","concurrencyMode":"PESSIMISTIC","versionRetentionPeriod":"3600s","earliestVersionTime":"2026-01-31T20:06:32.073639Z","appEngineIntegrationMode":"DISABLED","keyPrefix":"s","pointInTimeRecoveryEnablement":"POINT_IN_TIME_RECOVERY_DISABLED","deleteProtectionState":"DELETE_PROTECTION_DISABLED","databaseEdition":"STANDARD","freeTier":true,"realtimeUpdatesMode":"REALTIME_UPDATES_MODE_ENABLED","etag":"IPbuqefTtpIDMPOC/5jKtpID"}
[debug] [2026-01-31T20:50:20.247Z] Checked if tokens are valid: true, expires at: 1769895830513
[debug] [2026-01-31T20:50:20.247Z] Checked if tokens are valid: true, expires at: 1769895830513
[debug] [2026-01-31T20:50:20.248Z] >>> [apiv2][query] GET https://firebaserules.googleapis.com/v1/projects/rpg---mesa/releases pageSize=10&pageToken=
[debug] [2026-01-31T20:50:21.360Z] <<< [apiv2][status] GET https://firebaserules.googleapis.com/v1/projects/rpg---mesa/releases 200
[debug] [2026-01-31T20:50:21.360Z] <<< [apiv2][body] GET https://firebaserules.googleapis.com/v1/projects/rpg---mesa/releases {"releases":[{"name":"projects/rpg---mesa/releases/cloud.firestore","rulesetName":"projects/rpg---mesa/rulesets/9ee0f3e8-4473-4af1-aed7-afce7c6bbb33","createTime":"2026-01-31T20:06:40.840439Z","updateTime":"2026-01-31T20:43:57.806730Z"}]}
[debug] [2026-01-31T20:50:21.360Z] Checked if tokens are valid: true, expires at: 1769895830513
[debug] [2026-01-31T20:50:21.360Z] Checked if tokens are valid: true, expires at: 1769895830513
[debug] [2026-01-31T20:50:21.360Z] >>> [apiv2][query] GET https://firebaserules.googleapis.com/v1/projects/rpg---mesa/rulesets/9ee0f3e8-4473-4af1-aed7-afce7c6bbb33 [none]
[debug] [2026-01-31T20:50:22.643Z] <<< [apiv2][status] GET https://firebaserules.googleapis.com/v1/projects/rpg---mesa/rulesets/9ee0f3e8-4473-4af1-aed7-afce7c6bbb33 200
[debug] [2026-01-31T20:50:22.643Z] <<< [apiv2][body] GET https://firebaserules.googleapis.com/v1/projects/rpg---mesa/rulesets/9ee0f3e8-4473-4af1-aed7-afce7c6bbb33 [omitted]
[info] i  firestore: uploading rules firestore.rules... 
[debug] [2026-01-31T20:50:22.647Z] Checked if tokens are valid: true, expires at: 1769895830513
[debug] [2026-01-31T20:50:22.647Z] Checked if tokens are valid: true, expires at: 1769895830513
[debug] [2026-01-31T20:50:22.647Z] >>> [apiv2][query] POST https://firebaserules.googleapis.com/v1/projects/rpg---mesa/rulesets [none]
[debug] [2026-01-31T20:50:22.647Z] >>> [apiv2][body] POST https://firebaserules.googleapis.com/v1/projects/rpg---mesa/rulesets [omitted]
